[train_s0] device=cuda torch=2.9.1+cu128
  loaded C:\Booster_Lander_Simulator\data\s0\aero_s1000.bin: 56705 rows, seeds [1000]
  loaded C:\Booster_Lander_Simulator\data\s0\aero_s1001.bin: 57081 rows, seeds [1001]
  loaded C:\Booster_Lander_Simulator\data\s0\aero_s1002.bin: 60459 rows, seeds [1002]
  loaded C:\Booster_Lander_Simulator\data\s0\aero_s1003.bin: 55483 rows, seeds [1003]
  loaded C:\Booster_Lander_Simulator\data\s0\aero_s1004.bin: 57763 rows, seeds [1004]
  loaded C:\Booster_Lander_Simulator\data\s0\aero_s1005.bin: 56549 rows, seeds [1005]
  loaded C:\Booster_Lander_Simulator\data\s0\aero_s1006.bin: 56650 rows, seeds [1006]
  loaded C:\Booster_Lander_Simulator\data\s0\aero_s1007.bin: 57346 rows, seeds [1007]
  loaded C:\Booster_Lander_Simulator\data\s0\aero_s1008.bin: 58937 rows, seeds [1008]
  loaded C:\Booster_Lander_Simulator\data\s0\aero_s1009.bin: 57496 rows, seeds [1009]
  loaded C:\Booster_Lander_Simulator\data\s0\aero_s1010.bin: 59054 rows, seeds [1010]
  loaded C:\Booster_Lander_Simulator\data\s0\aero_s1011.bin: 59301 rows, seeds [1011]
  loaded C:\Booster_Lander_Simulator\data\s0\aero_s1012.bin: 57915 rows, seeds [1012]
  loaded C:\Booster_Lander_Simulator\data\s0\aero_s1013.bin: 57347 rows, seeds [1013]
  loaded C:\Booster_Lander_Simulator\data\s0\aero_s1014.bin: 57878 rows, seeds [1014]
  loaded C:\Booster_Lander_Simulator\data\s0\aero_s1015.bin: 57955 rows, seeds [1015]
  loaded C:\Booster_Lander_Simulator\data\s0\aero_s1016.bin: 60424 rows, seeds [1016]
  loaded C:\Booster_Lander_Simulator\data\s0\aero_s1017.bin: 56419 rows, seeds [1017]
  loaded C:\Booster_Lander_Simulator\data\s0\aero_s1018.bin: 58259 rows, seeds [1018]
  loaded C:\Booster_Lander_Simulator\data\s0\aero_s1019.bin: 56560 rows, seeds [1019]
  loaded C:\Booster_Lander_Simulator\data\s0\aero_s1020.bin: 57024 rows, seeds [1020]
  loaded C:\Booster_Lander_Simulator\data\s0\aero_s1021.bin: 57299 rows, seeds [1021]
  loaded C:\Booster_Lander_Simulator\data\s0\aero_s1022.bin: 57549 rows, seeds [1022]
  loaded C:\Booster_Lander_Simulator\data\s0\aero_s1023.bin: 57458 rows, seeds [1023]
  loaded C:\Booster_Lander_Simulator\data\s0\aero_s1024.bin: 58069 rows, seeds [1024]
  loaded C:\Booster_Lander_Simulator\data\s0\aero_s1025.bin: 54367 rows, seeds [1025]
  loaded C:\Booster_Lander_Simulator\data\s0\aero_s1026.bin: 57263 rows, seeds [1026]
  loaded C:\Booster_Lander_Simulator\data\s0\aero_s1027.bin: 56266 rows, seeds [1027]
  loaded C:\Booster_Lander_Simulator\data\s0\aero_s1028.bin: 56347 rows, seeds [1028]
  loaded C:\Booster_Lander_Simulator\data\s0\aero_s1029.bin: 56424 rows, seeds [1029]
  loaded C:\Booster_Lander_Simulator\data\s0\aero_s1030.bin: 57789 rows, seeds [1030]
  loaded C:\Booster_Lander_Simulator\data\s0\aero_s1031.bin: 58646 rows, seeds [1031]
  loaded C:\Booster_Lander_Simulator\data\s0\aero_s1032.bin: 57178 rows, seeds [1032]
  loaded C:\Booster_Lander_Simulator\data\s0\aero_s1033.bin: 58269 rows, seeds [1033]
  loaded C:\Booster_Lander_Simulator\data\s0\aero_s1034.bin: 59819 rows, seeds [1034]
  loaded C:\Booster_Lander_Simulator\data\s0\aero_s1035.bin: 61179 rows, seeds [1035]
  loaded C:\Booster_Lander_Simulator\data\s0r1\aero_s1000.bin: 68598 rows, seeds [1000]
  loaded C:\Booster_Lander_Simulator\data\s0r1\aero_s1001.bin: 82699 rows, seeds [1001]
  loaded C:\Booster_Lander_Simulator\data\s0r1\aero_s1002.bin: 64603 rows, seeds [1002]
  loaded C:\Booster_Lander_Simulator\data\s0r1\aero_s1003.bin: 61011 rows, seeds [1003]
  loaded C:\Booster_Lander_Simulator\data\s0r1\aero_s1004.bin: 68766 rows, seeds [1004]
  loaded C:\Booster_Lander_Simulator\data\s0r1\aero_s1005.bin: 62184 rows, seeds [1005]
  loaded C:\Booster_Lander_Simulator\data\s0r1\aero_s1006.bin: 68585 rows, seeds [1006]
  loaded C:\Booster_Lander_Simulator\data\s0r1\aero_s1007.bin: 75683 rows, seeds [1007]
  loaded C:\Booster_Lander_Simulator\data\s0r1\aero_s1008.bin: 73466 rows, seeds [1008]
  loaded C:\Booster_Lander_Simulator\data\s0r1\aero_s1009.bin: 75584 rows, seeds [1009]
  loaded C:\Booster_Lander_Simulator\data\s0r1\aero_s1010.bin: 68368 rows, seeds [1010]
  loaded C:\Booster_Lander_Simulator\data\s0r1\aero_s1011.bin: 68670 rows, seeds [1011]
  loaded C:\Booster_Lander_Simulator\data\s0r1\aero_s1012.bin: 79475 rows, seeds [1012]
  loaded C:\Booster_Lander_Simulator\data\s0r1\aero_s1013.bin: 69063 rows, seeds [1013]
  loaded C:\Booster_Lander_Simulator\data\s0r1\aero_s1014.bin: 81904 rows, seeds [1014]
  loaded C:\Booster_Lander_Simulator\data\s0r1\aero_s1015.bin: 65608 rows, seeds [1015]
  loaded C:\Booster_Lander_Simulator\data\s0r1\aero_s1016.bin: 78550 rows, seeds [1016]
  loaded C:\Booster_Lander_Simulator\data\s0r1\aero_s1017.bin: 69190 rows, seeds [1017]
  loaded C:\Booster_Lander_Simulator\data\s0r1\aero_s1018.bin: 74530 rows, seeds [1018]
  loaded C:\Booster_Lander_Simulator\data\s0r1\aero_s1019.bin: 72576 rows, seeds [1019]
  loaded C:\Booster_Lander_Simulator\data\s0r1\aero_s1020.bin: 79333 rows, seeds [1020]
  loaded C:\Booster_Lander_Simulator\data\s0g_mppi\aero_s2000.bin: 59859 rows, seeds [2000]
  loaded C:\Booster_Lander_Simulator\data\s0g_mppi\aero_s2001.bin: 58311 rows, seeds [2001]
  loaded C:\Booster_Lander_Simulator\data\s0g_mppi\aero_s2002.bin: 57738 rows, seeds [2002]
  loaded C:\Booster_Lander_Simulator\data\s0g_mppi\aero_s2003.bin: 61361 rows, seeds [2003]
  loaded C:\Booster_Lander_Simulator\data\s0g_mppi\aero_s2004.bin: 56534 rows, seeds [2004]
  loaded C:\Booster_Lander_Simulator\data\s0g_mppi\aero_s2005.bin: 57902 rows, seeds [2005]
  loaded C:\Booster_Lander_Simulator\data\s0g_mppi\aero_s2006.bin: 58197 rows, seeds [2006]
  loaded C:\Booster_Lander_Simulator\data\s0g_mppi\aero_s2007.bin: 59629 rows, seeds [2007]
  loaded C:\Booster_Lander_Simulator\data\s0g_mppi\aero_s2008.bin: 58773 rows, seeds [2008]
  loaded C:\Booster_Lander_Simulator\data\s0g_mppi\aero_s2009.bin: 56825 rows, seeds [2009]
  loaded C:\Booster_Lander_Simulator\data\s0g_mppi\aero_s2010.bin: 61490 rows, seeds [2010]
  loaded C:\Booster_Lander_Simulator\data\s0g_mppi\aero_s2011.bin: 56189 rows, seeds [2011]
  loaded C:\Booster_Lander_Simulator\data\s0g_mppi\aero_s2012.bin: 61598 rows, seeds [2012]
  loaded C:\Booster_Lander_Simulator\data\s0g_mppi\aero_s2013.bin: 58524 rows, seeds [2013]
  loaded C:\Booster_Lander_Simulator\data\s0g_mppi\aero_s2014.bin: 57646 rows, seeds [2014]
  loaded C:\Booster_Lander_Simulator\data\s0g_neural\aero_s2100.bin: 57620 rows, seeds [2100]
  loaded C:\Booster_Lander_Simulator\data\s0g_neural\aero_s2101.bin: 56791 rows, seeds [2101]
  loaded C:\Booster_Lander_Simulator\data\s0g_neural\aero_s2102.bin: 56984 rows, seeds [2102]
  loaded C:\Booster_Lander_Simulator\data\s0g_neural\aero_s2103.bin: 60168 rows, seeds [2103]
  loaded C:\Booster_Lander_Simulator\data\s0g_neural\aero_s2104.bin: 54815 rows, seeds [2104]
  loaded C:\Booster_Lander_Simulator\data\s0g_neural\aero_s2105.bin: 56686 rows, seeds [2105]
  loaded C:\Booster_Lander_Simulator\data\s0g_neural\aero_s2106.bin: 57052 rows, seeds [2106]
  loaded C:\Booster_Lander_Simulator\data\s0g_neural\aero_s2107.bin: 59357 rows, seeds [2107]
  loaded C:\Booster_Lander_Simulator\data\s0g_neural\aero_s2108.bin: 55900 rows, seeds [2108]
  loaded C:\Booster_Lander_Simulator\data\s0g_neural\aero_s2109.bin: 56753 rows, seeds [2109]
  loaded C:\Booster_Lander_Simulator\data\s0g_neural\aero_s2110.bin: 57015 rows, seeds [2110]
  loaded C:\Booster_Lander_Simulator\data\s0g_neural\aero_s2111.bin: 56599 rows, seeds [2111]
  loaded C:\Booster_Lander_Simulator\data\s0e_neural\entry_s3200.bin: 84136 rows, seeds [3200]
  loaded C:\Booster_Lander_Simulator\data\s0e_neural\entry_s3201.bin: 77095 rows, seeds [3201]
  loaded C:\Booster_Lander_Simulator\data\s0e_neural\entry_s3202.bin: 79631 rows, seeds [3202]
  loaded C:\Booster_Lander_Simulator\data\s0e_neural\entry_s3203.bin: 81246 rows, seeds [3203]
  loaded C:\Booster_Lander_Simulator\data\s0e_neural\entry_s3204.bin: 82985 rows, seeds [3204]
  loaded C:\Booster_Lander_Simulator\data\s0e_neural\entry_s3205.bin: 81085 rows, seeds [3205]
  loaded C:\Booster_Lander_Simulator\data\s0e_neural\entry_s3206.bin: 81337 rows, seeds [3206]
  loaded C:\Booster_Lander_Simulator\data\s0e_neural\entry_s3207.bin: 83463 rows, seeds [3207]
  loaded C:\Booster_Lander_Simulator\data\s0e_neural\entry_s3208.bin: 80680 rows, seeds [3208]
  loaded C:\Booster_Lander_Simulator\data\s0e_neural\entry_s3209.bin: 81329 rows, seeds [3209]
  loaded C:\Booster_Lander_Simulator\data\s0e_neural\entry_s3210.bin: 81284 rows, seeds [3210]
  loaded C:\Booster_Lander_Simulator\data\s0e_neural\entry_s3211.bin: 79514 rows, seeds [3211]
  loaded C:\Booster_Lander_Simulator\data\s0e2_neural\entry_s3300.bin: 79273 rows, seeds [3300]
  loaded C:\Booster_Lander_Simulator\data\s0e2_neural\entry_s3301.bin: 82498 rows, seeds [3301]
  loaded C:\Booster_Lander_Simulator\data\s0e2_neural\entry_s3302.bin: 81073 rows, seeds [3302]
  loaded C:\Booster_Lander_Simulator\data\s0e2_neural\entry_s3303.bin: 79419 rows, seeds [3303]
  loaded C:\Booster_Lander_Simulator\data\s0e2_neural\entry_s3304.bin: 82710 rows, seeds [3304]
  loaded C:\Booster_Lander_Simulator\data\s0e2_neural\entry_s3305.bin: 82501 rows, seeds [3305]
  loaded C:\Booster_Lander_Simulator\data\s0e2_neural\entry_s3306.bin: 81925 rows, seeds [3306]
  loaded C:\Booster_Lander_Simulator\data\s0e2_neural\entry_s3307.bin: 81354 rows, seeds [3307]
  loaded C:\Booster_Lander_Simulator\data\s0e2_neural\entry_s3308.bin: 80497 rows, seeds [3308]
  loaded C:\Booster_Lander_Simulator\data\s0e2_neural\entry_s3309.bin: 82262 rows, seeds [3309]
  loaded C:\Booster_Lander_Simulator\data\s0e2_neural\entry_s3310.bin: 80905 rows, seeds [3310]
  loaded C:\Booster_Lander_Simulator\data\s0e2_neural\entry_s3311.bin: 81991 rows, seeds [3311]
  loaded C:\Booster_Lander_Simulator\data\s0eo3_neural\entry_s3400.bin: 68417 rows, seeds [3400]
  loaded C:\Booster_Lander_Simulator\data\s0eo3_neural\entry_s3401.bin: 66979 rows, seeds [3401]
  loaded C:\Booster_Lander_Simulator\data\s0eo3_neural\entry_s3402.bin: 66759 rows, seeds [3402]
  loaded C:\Booster_Lander_Simulator\data\s0eo3_neural\entry_s3403.bin: 69481 rows, seeds [3403]
  loaded C:\Booster_Lander_Simulator\data\s0eo3_neural\entry_s3404.bin: 66159 rows, seeds [3404]
  loaded C:\Booster_Lander_Simulator\data\s0eo3_neural\entry_s3405.bin: 67952 rows, seeds [3405]
  loaded C:\Booster_Lander_Simulator\data\s0eo3_neural\entry_s3406.bin: 65661 rows, seeds [3406]
  loaded C:\Booster_Lander_Simulator\data\s0eo3_neural\entry_s3407.bin: 70096 rows, seeds [3407]
  loaded C:\Booster_Lander_Simulator\data\s0eo3_neural\entry_s3408.bin: 63337 rows, seeds [3408]
  loaded C:\Booster_Lander_Simulator\data\s0eo3_neural\entry_s3409.bin: 65516 rows, seeds [3409]
  loaded C:\Booster_Lander_Simulator\data\s0eo3_neural\entry_s3410.bin: 67530 rows, seeds [3410]
  loaded C:\Booster_Lander_Simulator\data\s0eo3_neural\entry_s3411.bin: 67210 rows, seeds [3411]
  total: 7906579 rows from 120 file(s)
  runs: 1800 total -> 270 val / 1530 train; rows 6737622 train / 1168957 val
[train_s0] params=37379  n_in=30 hidden=128 layers=3
  ep    1/120  train_wmse=4.00147e-01  tr_mse[alat0,alat1,thr]=[0.30945277 0.22253223 0.10822216]  val_mse=[0.3305242  0.23236611 0.10784426]
  ep   12/120  train_wmse=9.04505e-02  tr_mse[alat0,alat1,thr]=[0.0785951  0.07977924 0.10609514]  val_mse=[0.09927949 0.09264088 0.10573477]
  ep   24/120  train_wmse=7.78019e-02  tr_mse[alat0,alat1,thr]=[0.06821753 0.06547777 0.10580474]  val_mse=[0.09089381 0.08218904 0.10544339]
  ep   36/120  train_wmse=7.31891e-02  tr_mse[alat0,alat1,thr]=[0.05066676 0.05685077 0.10562575]  val_mse=[0.07592177 0.07343733 0.10529368]
  ep   48/120  train_wmse=7.05681e-02  tr_mse[alat0,alat1,thr]=[0.048458   0.05408332 0.10550892]  val_mse=[0.07392775 0.07248205 0.10519239]
  ep   60/120  train_wmse=6.89480e-02  tr_mse[alat0,alat1,thr]=[0.04776451 0.05260782 0.10544762]  val_mse=[0.07172814 0.06972987 0.10511811]
  ep   72/120  train_wmse=6.77160e-02  tr_mse[alat0,alat1,thr]=[0.04584939 0.05220265 0.10541885]  val_mse=[0.070817   0.07001528 0.10509345]
  ep   84/120  train_wmse=6.67325e-02  tr_mse[alat0,alat1,thr]=[0.04328977 0.04947157 0.10539764]  val_mse=[0.07352383 0.06922834 0.10509016]
  ep   96/120  train_wmse=6.59101e-02  tr_mse[alat0,alat1,thr]=[0.0410798  0.04817265 0.10538863]  val_mse=[0.06843571 0.06742615 0.1050575 ]
  ep  108/120  train_wmse=6.53091e-02  tr_mse[alat0,alat1,thr]=[0.04059384 0.0487957  0.10536415]  val_mse=[0.06893373 0.06864301 0.1050607 ]
  ep  120/120  train_wmse=6.48268e-02  tr_mse[alat0,alat1,thr]=[0.03902915 0.0479868  0.10535128]  val_mse=[0.07059441 0.06962621 0.10507284]
[train_s0] SAVED C:\Booster_Lander_Simulator\runs\s0eo3.pt
[metrics] val_mse a_lat0=7.059441e-02 a_lat1=6.962621e-02 throttle=1.050728e-01 | train_seconds=482.5 | rows=7906579 runs=1800
